# JRE version: Java(TM) SE Runtime Environment (21.0.8+12) (build 21.0.8+12-LTS-250)
# Java VM: Java HotSpot(TM) 64-Bit Server VM (21.0.8+12-LTS-250, mixed mode, sharing, tiered, compressed oops, compressed class ptrs, g1 gc, windows-amd64)
GC Precious Log:
 CardTable entry size: 512
 Card Set container configuration: InlinePtr #cards 4 size 8 Array Of Cards #cards 16 size 48 Howl #buckets 8 coarsen threshold 3686 Howl Bitmap #cards 512 size 80 coarsen threshold 460 Card regions per heap region 1 cards per card region 4096
 CPUs: 12 total, 12 available
 Memory: 16163M
 Large Page Support: Disabled
 NUMA Support: Disabled
 Compressed Oops: Enabled (Zero based)
 Heap Region Size: 2M
 Heap Min Capacity: 8M
 Heap Initial Capacity: 254M
 Heap Max Capacity: 4042M
 Pre-touch: Disabled
 Parallel Workers: 10
 Concurrent Workers: 3
 Concurrent Refinement Workers: 10
 Periodic GC: Disabled
Heap:
 garbage-first heap   total 528384K, used 358493K [0x0000000703600000, 0x0000000800000000)
  region size 2048K, 111 young (227328K), 10 survivors (20480K)
 Metaspace       used 78248K, committed 79040K, reserved 1179648K
  class space    used 10674K, committed 11008K, reserved 1048576K
GC Heap History (20 events):
Event: 11.977 GC heap before
{Heap before GC invocations=24 (full 0):
 garbage-first heap   total 112640K, used 94363K [0x0000000703600000, 0x0000000800000000)
  region size 2048K, 15 young (30720K), 2 survivors (4096K)
 Metaspace       used 73417K, committed 74112K, reserved 1114112K
  class space    used 10060K, committed 10368K, reserved 1048576K
}
Event: 11.979 GC heap after
{Heap after GC invocations=25 (full 0):
 garbage-first heap   total 112640K, used 70030K [0x0000000703600000, 0x0000000800000000)
  region size 2048K, 2 young (4096K), 2 survivors (4096K)
 Metaspace       used 73417K, committed 74112K, reserved 1114112K
  class space    used 10060K, committed 10368K, reserved 1048576K
}
Event: 12.079 GC heap before
{Heap before GC invocations=26 (full 0):
 garbage-first heap   total 120832K, used 90510K [0x0000000703600000, 0x0000000800000000)
  region size 2048K, 15 young (30720K), 2 survivors (4096K)
 Metaspace       used 73434K, committed 74112K, reserved 1114112K
  class space    used 10060K, committed 10368K, reserved 1048576K
}
Event: 12.085 GC heap after
{Heap after GC invocations=27 (full 0):
 garbage-first heap   total 120832K, used 73481K [0x0000000703600000, 0x0000000800000000)
  region size 2048K, 2 young (4096K), 2 survivors (4096K)
 Metaspace       used 73434K, committed 74112K, reserved 1114112K
  class space    used 10060K, committed 10368K, reserved 1048576K
}
Event: 12.144 GC heap before
{Heap before GC invocations=27 (full 0):
 garbage-first heap   total 120832K, used 100105K [0x0000000703600000, 0x0000000800000000)
  region size 2048K, 15 young (30720K), 2 survivors (4096K)
 Metaspace       used 73439K, committed 74112K, reserved 1114112K
  class space    used 10060K, committed 10368K, reserved 1048576K
}
Event: 12.148 GC heap after
{Heap after GC invocations=28 (full 0):
 garbage-first heap   total 120832K, used 66807K [0x0000000703600000, 0x0000000800000000)
  region size 2048K, 2 young (4096K), 2 survivors (4096K)
 Metaspace       used 73439K, committed 74112K, reserved 1114112K
  class space    used 10060K, committed 10368K, reserved 1048576K
}
Event: 12.200 GC heap before
{Heap before GC invocations=28 (full 0):
 garbage-first heap   total 120832K, used 97527K [0x0000000703600000, 0x0000000800000000)
  region size 2048K, 17 young (34816K), 2 survivors (4096K)
 Metaspace       used 73447K, committed 74112K, reserved 1114112K
  class space    used 10060K, committed 10368K, reserved 1048576K
}
Event: 12.206 GC heap after
{Heap after GC invocations=29 (full 0):
 garbage-first heap   total 202752K, used 76712K [0x0000000703600000, 0x0000000800000000)
  region size 2048K, 3 young (6144K), 3 survivors (6144K)
 Metaspace       used 73447K, committed 74112K, reserved 1114112K
  class space    used 10060K, committed 10368K, reserved 1048576K
}
Event: 12.424 GC heap before
{Heap before GC invocations=29 (full 0):
 garbage-first heap   total 202752K, used 146344K [0x0000000703600000, 0x0000000800000000)
  region size 2048K, 37 young (75776K), 3 survivors (6144K)
 Metaspace       used 73456K, committed 74176K, reserved 1114112K
  class space    used 10060K, committed 10368K, reserved 1048576K
}
Event: 12.436 GC heap after
{Heap after GC invocations=30 (full 0):
 garbage-first heap   total 202752K, used 99109K [0x0000000703600000, 0x0000000800000000)
  region size 2048K, 5 young (10240K), 5 survivors (10240K)
 Metaspace       used 73456K, committed 74176K, reserved 1114112K
  class space    used 10060K, committed 10368K, reserved 1048576K
}
Event: 12.614 GC heap before
{Heap before GC invocations=31 (full 0):
 garbage-first heap   total 202752K, used 154405K [0x0000000703600000, 0x0000000800000000)
  region size 2048K, 34 young (69632K), 5 survivors (10240K)
 Metaspace       used 73456K, committed 74176K, reserved 1114112K
  class space    used 10060K, committed 10368K, reserved 1048576K
}
Event: 12.627 GC heap after
{Heap after GC invocations=32 (full 0):
 garbage-first heap   total 202752K, used 117092K [0x0000000703600000, 0x0000000800000000)
  region size 2048K, 5 young (10240K), 5 survivors (10240K)
 Metaspace       used 73456K, committed 74176K, reserved 1114112K
  class space    used 10060K, committed 10368K, reserved 1048576K
}
Event: 12.691 GC heap before
{Heap before GC invocations=32 (full 0):
 garbage-first heap   total 202752K, used 160100K [0x0000000703600000, 0x0000000800000000)
  region size 2048K, 26 young (53248K), 5 survivors (10240K)
 Metaspace       used 73466K, committed 74176K, reserved 1114112K
  class space    used 10060K, committed 10368K, reserved 1048576K
}
Event: 12.705 GC heap after
{Heap after GC invocations=33 (full 0):
 garbage-first heap   total 202752K, used 122218K [0x0000000703600000, 0x0000000800000000)
  region size 2048K, 4 young (8192K), 4 survivors (8192K)
 Metaspace       used 73466K, committed 74176K, reserved 1114112K
  class space    used 10060K, committed 10368K, reserved 1048576K
}
Event: 12.758 GC heap before
{Heap before GC invocations=33 (full 0):
 garbage-first heap   total 202752K, used 161130K [0x0000000703600000, 0x0000000800000000)
  region size 2048K, 23 young (47104K), 4 survivors (8192K)
 Metaspace       used 73468K, committed 74176K, reserved 1114112K
  class space    used 10060K, committed 10368K, reserved 1048576K
}
Event: 12.765 GC heap after
{Heap after GC invocations=34 (full 0):
 garbage-first heap   total 202752K, used 130477K [0x0000000703600000, 0x0000000800000000)
  region size 2048K, 3 young (6144K), 3 survivors (6144K)
 Metaspace       used 73468K, committed 74176K, reserved 1114112K
  class space    used 10060K, committed 10368K, reserved 1048576K
}
Event: 12.853 GC heap before
{Heap before GC invocations=34 (full 0):
 garbage-first heap   total 264192K, used 163245K [0x0000000703600000, 0x0000000800000000)
  region size 2048K, 22 young (45056K), 3 survivors (6144K)
 Metaspace       used 73468K, committed 74176K, reserved 1114112K
  class space    used 10060K, committed 10368K, reserved 1048576K
}
Event: 12.862 GC heap after
{Heap after GC invocations=35 (full 0):
 garbage-first heap   total 528384K, used 138875K [0x0000000703600000, 0x0000000800000000)
  region size 2048K, 3 young (6144K), 3 survivors (6144K)
 Metaspace       used 73468K, committed 74176K, reserved 1114112K
  class space    used 10060K, committed 10368K, reserved 1048576K
}
Event: 13.596 GC heap before
{Heap before GC invocations=36 (full 0):
 garbage-first heap   total 528384K, used 312955K [0x0000000703600000, 0x0000000800000000)
  region size 2048K, 88 young (180224K), 3 survivors (6144K)
 Metaspace       used 75732K, committed 76544K, reserved 1179648K
  class space    used 10337K, committed 10688K, reserved 1048576K
}
Event: 13.606 GC heap after
{Heap after GC invocations=37 (full 0):
 garbage-first heap   total 528384K, used 151645K [0x0000000703600000, 0x0000000800000000)
  region size 2048K, 10 young (20480K), 10 survivors (20480K)
 Metaspace       used 75732K, committed 76544K, reserved 1179648K
  class space    used 10337K, committed 10688K, reserved 1048576K
}

